<?xml version="1.0" encoding="UTF-8"?>
<!-- Generated by org.testng.reporters.JUnitXMLReporter -->
<testsuite hostname="N12275D1" name="Default test" tests="5" failures="0" timestamp="11 Apr 2017 08:14:26 GMT" time="723.008" errors="0">
  <testcase name="testNickName100c" time="100.134" classname="ckt.ios.testcase.me.edit.NickNameCase"/>
  <testcase name="testNickName10c" time="94.258" classname="ckt.ios.testcase.me.edit.NickNameCase"/>
  <testcase name="testNickName30c" time="99.485" classname="ckt.ios.testcase.me.edit.NickNameCase"/>
  <testcase name="testNickNameModifyNotSave" time="89.094" classname="ckt.ios.testcase.me.edit.NickNameCase"/>
  <testcase name="testNickNameisEnable" time="14.875" classname="ckt.ios.testcase.me.edit.NickNameCase"/>
</testsuite> <!-- Default test -->
