<html xmlns:math="http://exslt.org/math" xmlns:testng="http://testng.org">
   <head>
      <title>TestNG Results</title>
      <meta http-equiv="content-type" content="text/html; charset=utf-8"></meta>
      <meta http-equiv="pragma" content="no-cache"></meta>
      <meta http-equiv="cache-control" content="max-age=0"></meta>
      <meta http-equiv="cache-control" content="no-cache"></meta>
      <meta http-equiv="cache-control" content="no-store"></meta>
      <LINK rel="stylesheet" href="style.css"></LINK>
      <script type="text/javascript" src="main.js"></script>
   </head>
   <body>
      <table width="100%" style="font-size: 16px; margin-bottom: 10px;" cellspacing="1">
         <tr>
            <td width="100%">
               All methods in suite
               
               <b>Suite001</b>
            </td>
            <td style="background-color: #FFBBBB; padding: 3px 3px 3px 0;" align="center">
               <div style="width: 50px;">2</div>
            </td>
            <td style="background-color: lightgreen; padding: 3px 3px 3px 0;" align="center">
               <div style="width: 50px;">0</div>
            </td>
            <td style="background-color: #FFFFBB; padding: 3px 3px 3px 0;" align="center">
               <div style="width: 50px;">0</div>
            </td>
            <td align="center" style="background-color: #eaf0f7; padding: 3px 3px 3px 0;">
               <div style="width: 50px;">2</div>
            </td>
            <td align="center"
                style="font-weight: bold; background-color: #eaf0f7; padding: 3px 3px 3px 0;">
               <div style="width: 50px;">0%</div>
            </td>
         </tr>
      </table>
      <div style="width: 200px;">
         <label for="groupMethodsCheckBox" style="font-weight: bold; margin: 0;">
            <input id="groupMethodsCheckBox" type="checkbox" onclick="switchTestMethodsView(this)"></input>
            Group by class
            
         </label>
         <br></br>
         <label for="methodsFilter_ALL" style="font-weight: bold; margin: 0;">
            <input id="methodsFilter_ALL" type="checkbox"
                   onclick="testMethodsFilterChanged(this, 'ALL')"></input>
            All
            
         </label>
      </div>
      <label for="methodsFilter_FAIL" style="margin-left: 20px;">
         <input id="methodsFilter_FAIL" type="checkbox"
                onclick="testMethodsFilterChanged(this, 'FAIL')"
                checked=""></input>
         Failed
         
      </label>
      <label for="methodsFilter_PASS">
         <input id="methodsFilter_PASS" type="checkbox"
                onclick="testMethodsFilterChanged(this, 'PASS')"
                checked=""></input>
         Passed
         
      </label>
      <label for="methodsFilter_SKIP">
         <input id="methodsFilter_SKIP" type="checkbox"
                onclick="testMethodsFilterChanged(this, 'SKIP')"
                checked=""></input>
         Skipped
         
      </label>
      <label for="methodsFilter_CONF">
         <input id="methodsFilter_CONF" type="checkbox"
                onclick="testMethodsFilterChanged(this, 'CONF')"></input>
         Config
         
      </label>
      <br></br>
      <div id="testMethodsByStatus">
         <table class="testMethodsTable" cellpadding="0" cellspacing="0">
            <tr class="methodsTableHeader">
               <td width="100%">Name</td>
               <td nowrap="true">Started</td>
               <td nowrap="true">Duration</td>
               <td>Exception</td>
            </tr>
            <tr id="ckt.App.TestCase.LoginCase_WatchAndSignUp1_byStatus_failed_FAIL1_row"
                class="testMethodStatusFAIL">
               <td width="100%" class="firstMethodCell">
                  <a onclick="toggleDetailsVisibility('ckt.App.TestCase.LoginCase_WatchAndSignUp1_byStatus_failed_FAIL1_details')">WatchAndSignUp1()</a>
               </td>
               <td nowrap="true">16:56:58</td>
               <td nowrap="true" align="right">8s
                  
               </td>
               <td nowrap="true">
                  <a onclick="toggleDetailsVisibility('ckt.App.TestCase.LoginCase_WatchAndSignUp1_byStatus_failed_FAIL1_exception')">org.openqa.selenium.NoSuchElementException: 
                     An element could not be located on the page using the given search parameters. (WARNING: The server did not provide any stacktrace
                     information)
                     Command duration or timeout: 5.37 seconds
                     For documentation on this error, please visit: http://seleniumhq.org/exceptions/no_such_element.html
                     Build info: version: '2.46.0', revision: '87c69e2', time: '2015-06-04 16:16:47'
                     System info: host: 'N12275D1', ip: '10.120.1.236', os.name: 'Windows 7', os.arch: 'amd64', os.version: '6.1', java.version:
                     '1.8.0_45'
                     Driver info: io.appium.java_client.ios.IOSDriver
                     Capabilities [{app=/Users/elon/Desktop/software/2016-09-27/Sioeye-2.0.13.ipa, networkConnectionEnabled=false, noReset=true,
                     warnings={}, bundleid=com.sioeye.app , databaseEnabled=false, deviceName=iPhone 5, platform=MAC, desired={app=/Users/elon/Desktop/software/2016-09-27/Sioeye-2.0.13.ipa,
                     noReset=true, platformVersion=8.3 , bundleid=com.sioeye.app , sessionOverride=true, platformName=iOS, deviceName=iPhone 5},
                     platformVersion=8.3 , webStorageEnabled=false, locationContextEnabled=false, browserName=iOS, takesScreenshot=true, javascriptEnabled=true,
                     sessionOverride=true, platformName=iOS}]
                     Session ID: b7fa8c95-6ac5-4f14-86b5-9f05eb959d62
                     *** Element info: {Using=name, value=Login}
                     
                  </a>
                   
                  
               </td>
            </tr>
            <tr>
               <td colspan="4"
                   style="padding: 0; background-color: white; border-style: none; height: 0px;">
                  <div id="ckt.App.TestCase.LoginCase_WatchAndSignUp1_byStatus_failed_FAIL1_details"
                       class="testMethodDetails">
                     <div>
                        <b>Name:
                           
                        </b>WatchAndSignUp1
                     </div>
                     <div>
                        <b>Signature:
                           
                        </b>WatchAndSignUp1()[pri:0, instance:ckt.App.TestCase.LoginCase@7a92922]
                     </div>
                     <div>
                        <b>Start time:
                           
                        </b>16:56:58
                     </div>
                     <div>
                        <b>End time:
                           
                        </b>16:57:06
                     </div>
                     <div>
                        <b>Duration:
                           
                        </b>8s
                        
                     </div>
                  </div>
               </td>
            </tr>
            <tr>
               <td colspan="4"
                   style="padding: 0; background-color: white; border-style: none; height: 0px;">
                  <div id="ckt.App.TestCase.LoginCase_WatchAndSignUp1_byStatus_failed_FAIL1_exception"
                       class="testMethodDetails">
                     <pre style="padding: 5px; margin: 0;">org.openqa.selenium.NoSuchElementException: An element could not be located on the page using the given search parameters.
                        (WARNING: The server did not provide any stacktrace information)
                        Command duration or timeout: 5.37 seconds
                        For documentation on this error, please visit: http://seleniumhq.org/exceptions/no_such_element.html
                        Build info: version: '2.46.0', revision: '87c69e2', time: '2015-06-04 16:16:47'
                        System info: host: 'N12275D1', ip: '10.120.1.236', os.name: 'Windows 7', os.arch: 'amd64', os.version: '6.1', java.version:
                        '1.8.0_45'
                        Driver info: io.appium.java_client.ios.IOSDriver
                        Capabilities [{app=/Users/elon/Desktop/software/2016-09-27/Sioeye-2.0.13.ipa, networkConnectionEnabled=false, noReset=true,
                        warnings={}, bundleid=com.sioeye.app , databaseEnabled=false, deviceName=iPhone 5, platform=MAC, desired={app=/Users/elon/Desktop/software/2016-09-27/Sioeye-2.0.13.ipa,
                        noReset=true, platformVersion=8.3 , bundleid=com.sioeye.app , sessionOverride=true, platformName=iOS, deviceName=iPhone 5},
                        platformVersion=8.3 , webStorageEnabled=false, locationContextEnabled=false, browserName=iOS, takesScreenshot=true, javascriptEnabled=true,
                        sessionOverride=true, platformName=iOS}]
                        Session ID: b7fa8c95-6ac5-4f14-86b5-9f05eb959d62
                        *** Element info: {Using=name, value=Login}
                        	at sun.reflect.NativeConstructorAccessorImpl.newInstance0(Native Method)
                        	at sun.reflect.NativeConstructorAccessorImpl.newInstance(Unknown Source)
                        	at sun.reflect.DelegatingConstructorAccessorImpl.newInstance(Unknown Source)
                        	at java.lang.reflect.Constructor.newInstance(Unknown Source)
                        	at org.openqa.selenium.remote.ErrorHandler.createThrowable(ErrorHandler.java:204)
                        	at org.openqa.selenium.remote.ErrorHandler.throwIfResponseFailed(ErrorHandler.java:156)
                        	at org.openqa.selenium.remote.RemoteWebDriver.execute(RemoteWebDriver.java:605)
                        	at io.appium.java_client.DefaultGenericMobileDriver.execute(DefaultGenericMobileDriver.java:40)
                        	at io.appium.java_client.AppiumDriver.execute(AppiumDriver.java:1)
                        	at io.appium.java_client.ios.IOSDriver.execute(IOSDriver.java:1)
                        	at org.openqa.selenium.remote.RemoteWebDriver.findElement(RemoteWebDriver.java:358)
                        	at io.appium.java_client.DefaultGenericMobileDriver.findElement(DefaultGenericMobileDriver.java:56)
                        	at io.appium.java_client.AppiumDriver.findElement(AppiumDriver.java:1)
                        	at io.appium.java_client.ios.IOSDriver.findElement(IOSDriver.java:1)
                        	at org.openqa.selenium.remote.RemoteWebDriver.findElementByName(RemoteWebDriver.java:431)
                        	at io.appium.java_client.DefaultGenericMobileDriver.findElementByName(DefaultGenericMobileDriver.java:104)
                        	at io.appium.java_client.AppiumDriver.findElementByName(AppiumDriver.java:1)
                        	at io.appium.java_client.ios.IOSDriver.findElementByName(IOSDriver.java:1)
                        	at org.openqa.selenium.By$ByName.findElement(By.java:300)
                        	at org.openqa.selenium.remote.RemoteWebDriver.findElement(RemoteWebDriver.java:350)
                        	at io.appium.java_client.DefaultGenericMobileDriver.findElement(DefaultGenericMobileDriver.java:52)
                        	at io.appium.java_client.AppiumDriver.findElement(AppiumDriver.java:1)
                        	at io.appium.java_client.ios.IOSDriver.findElement(IOSDriver.java:1)
                        	at ckt.App.TestCase.LoginCase.WatchAndSignUp1(Unknown Source)
                        	at sun.reflect.NativeMethodAccessorImpl.invoke0(Native Method)
                        	at sun.reflect.NativeMethodAccessorImpl.invoke(Unknown Source)
                        	at sun.reflect.DelegatingMethodAccessorImpl.invoke(Unknown Source)
                        	at java.lang.reflect.Method.invoke(Unknown Source)
                        	at org.testng.internal.MethodInvocationHelper.invokeMethod(MethodInvocationHelper.java:84)
                        	at org.testng.internal.Invoker.invokeMethod(Invoker.java:714)
                        	at org.testng.internal.Invoker.invokeTestMethod(Invoker.java:901)
                        	at org.testng.internal.Invoker.invokeTestMethods(Invoker.java:1231)
                        	at org.testng.internal.TestMethodWorker.invokeTestMethods(TestMethodWorker.java:127)
                        	at org.testng.internal.TestMethodWorker.run(TestMethodWorker.java:111)
                        	at java.util.concurrent.ThreadPoolExecutor.runWorker(Unknown Source)
                        	at java.util.concurrent.ThreadPoolExecutor$Worker.run(Unknown Source)
                        	at java.lang.Thread.run(Unknown Source)
                     </pre>
                  </div>
               </td>
            </tr>
            <tr id="ckt.App.TestCase.LoginCase_WatchAndSignUp2_byStatus_failed_FAIL2_row"
                class="testMethodStatusFAIL">
               <td width="100%" class="firstMethodCell">
                  <a onclick="toggleDetailsVisibility('ckt.App.TestCase.LoginCase_WatchAndSignUp2_byStatus_failed_FAIL2_details')">WatchAndSignUp2()</a>
               </td>
               <td nowrap="true">16:57:10</td>
               <td nowrap="true" align="right">25s
                  
               </td>
               <td nowrap="true">
                  <a onclick="toggleDetailsVisibility('ckt.App.TestCase.LoginCase_WatchAndSignUp2_byStatus_failed_FAIL2_exception')">org.openqa.selenium.NoSuchElementException: 
                     An element could not be located on the page using the given search parameters. (WARNING: The server did not provide any stacktrace
                     information)
                     Command duration or timeout: 6.13 seconds
                     For documentation on this error, please visit: http://seleniumhq.org/exceptions/no_such_element.html
                     Build info: version: '2.46.0', revision: '87c69e2', time: '2015-06-04 16:16:47'
                     System info: host: 'N12275D1', ip: '10.120.1.236', os.name: 'Windows 7', os.arch: 'amd64', os.version: '6.1', java.version:
                     '1.8.0_45'
                     Driver info: io.appium.java_client.ios.IOSDriver
                     Capabilities [{app=/Users/elon/Desktop/software/2016-09-27/Sioeye-2.0.13.ipa, networkConnectionEnabled=false, noReset=true,
                     warnings={}, bundleid=com.sioeye.app , databaseEnabled=false, deviceName=iPhone 5, platform=MAC, desired={app=/Users/elon/Desktop/software/2016-09-27/Sioeye-2.0.13.ipa,
                     noReset=true, platformVersion=8.3 , bundleid=com.sioeye.app , sessionOverride=true, platformName=iOS, deviceName=iPhone 5},
                     platformVersion=8.3 , webStorageEnabled=false, locationContextEnabled=false, browserName=iOS, takesScreenshot=true, javascriptEnabled=true,
                     sessionOverride=true, platformName=iOS}]
                     Session ID: b7fa8c95-6ac5-4f14-86b5-9f05eb959d62
                     *** Element info: {Using=xpath, value=//UIAApplication[1]/UIAWindow[1]/UIATableView[1]/UIATableCell[2]}
                     
                  </a>
                   
                  
               </td>
            </tr>
            <tr>
               <td colspan="4"
                   style="padding: 0; background-color: white; border-style: none; height: 0px;">
                  <div id="ckt.App.TestCase.LoginCase_WatchAndSignUp2_byStatus_failed_FAIL2_details"
                       class="testMethodDetails">
                     <div>
                        <b>Name:
                           
                        </b>WatchAndSignUp2
                     </div>
                     <div>
                        <b>Signature:
                           
                        </b>WatchAndSignUp2()[pri:0, instance:ckt.App.TestCase.LoginCase@7a92922]
                     </div>
                     <div>
                        <b>Start time:
                           
                        </b>16:57:10
                     </div>
                     <div>
                        <b>End time:
                           
                        </b>16:57:35
                     </div>
                     <div>
                        <b>Duration:
                           
                        </b>25s
                        
                     </div>
                  </div>
               </td>
            </tr>
            <tr>
               <td colspan="4"
                   style="padding: 0; background-color: white; border-style: none; height: 0px;">
                  <div id="ckt.App.TestCase.LoginCase_WatchAndSignUp2_byStatus_failed_FAIL2_exception"
                       class="testMethodDetails">
                     <pre style="padding: 5px; margin: 0;">org.openqa.selenium.NoSuchElementException: An element could not be located on the page using the given search parameters.
                        (WARNING: The server did not provide any stacktrace information)
                        Command duration or timeout: 6.13 seconds
                        For documentation on this error, please visit: http://seleniumhq.org/exceptions/no_such_element.html
                        Build info: version: '2.46.0', revision: '87c69e2', time: '2015-06-04 16:16:47'
                        System info: host: 'N12275D1', ip: '10.120.1.236', os.name: 'Windows 7', os.arch: 'amd64', os.version: '6.1', java.version:
                        '1.8.0_45'
                        Driver info: io.appium.java_client.ios.IOSDriver
                        Capabilities [{app=/Users/elon/Desktop/software/2016-09-27/Sioeye-2.0.13.ipa, networkConnectionEnabled=false, noReset=true,
                        warnings={}, bundleid=com.sioeye.app , databaseEnabled=false, deviceName=iPhone 5, platform=MAC, desired={app=/Users/elon/Desktop/software/2016-09-27/Sioeye-2.0.13.ipa,
                        noReset=true, platformVersion=8.3 , bundleid=com.sioeye.app , sessionOverride=true, platformName=iOS, deviceName=iPhone 5},
                        platformVersion=8.3 , webStorageEnabled=false, locationContextEnabled=false, browserName=iOS, takesScreenshot=true, javascriptEnabled=true,
                        sessionOverride=true, platformName=iOS}]
                        Session ID: b7fa8c95-6ac5-4f14-86b5-9f05eb959d62
                        *** Element info: {Using=xpath, value=//UIAApplication[1]/UIAWindow[1]/UIATableView[1]/UIATableCell[2]}
                        	at sun.reflect.NativeConstructorAccessorImpl.newInstance0(Native Method)
                        	at sun.reflect.NativeConstructorAccessorImpl.newInstance(Unknown Source)
                        	at sun.reflect.DelegatingConstructorAccessorImpl.newInstance(Unknown Source)
                        	at java.lang.reflect.Constructor.newInstance(Unknown Source)
                        	at org.openqa.selenium.remote.ErrorHandler.createThrowable(ErrorHandler.java:204)
                        	at org.openqa.selenium.remote.ErrorHandler.throwIfResponseFailed(ErrorHandler.java:156)
                        	at org.openqa.selenium.remote.RemoteWebDriver.execute(RemoteWebDriver.java:605)
                        	at io.appium.java_client.DefaultGenericMobileDriver.execute(DefaultGenericMobileDriver.java:40)
                        	at io.appium.java_client.AppiumDriver.execute(AppiumDriver.java:1)
                        	at io.appium.java_client.ios.IOSDriver.execute(IOSDriver.java:1)
                        	at org.openqa.selenium.remote.RemoteWebDriver.findElement(RemoteWebDriver.java:358)
                        	at io.appium.java_client.DefaultGenericMobileDriver.findElement(DefaultGenericMobileDriver.java:56)
                        	at io.appium.java_client.AppiumDriver.findElement(AppiumDriver.java:1)
                        	at io.appium.java_client.ios.IOSDriver.findElement(IOSDriver.java:1)
                        	at org.openqa.selenium.remote.RemoteWebDriver.findElementByXPath(RemoteWebDriver.java:455)
                        	at io.appium.java_client.DefaultGenericMobileDriver.findElementByXPath(DefaultGenericMobileDriver.java:134)
                        	at io.appium.java_client.AppiumDriver.findElementByXPath(AppiumDriver.java:1)
                        	at io.appium.java_client.ios.IOSDriver.findElementByXPath(IOSDriver.java:1)
                        	at ckt.App.TestCase.LoginCase.WatchAndSignUp2(Unknown Source)
                        	at sun.reflect.NativeMethodAccessorImpl.invoke0(Native Method)
                        	at sun.reflect.NativeMethodAccessorImpl.invoke(Unknown Source)
                        	at sun.reflect.DelegatingMethodAccessorImpl.invoke(Unknown Source)
                        	at java.lang.reflect.Method.invoke(Unknown Source)
                        	at org.testng.internal.MethodInvocationHelper.invokeMethod(MethodInvocationHelper.java:84)
                        	at org.testng.internal.Invoker.invokeMethod(Invoker.java:714)
                        	at org.testng.internal.Invoker.invokeTestMethod(Invoker.java:901)
                        	at org.testng.internal.Invoker.invokeTestMethods(Invoker.java:1231)
                        	at org.testng.internal.TestMethodWorker.invokeTestMethods(TestMethodWorker.java:127)
                        	at org.testng.internal.TestMethodWorker.run(TestMethodWorker.java:111)
                        	at java.util.concurrent.ThreadPoolExecutor.runWorker(Unknown Source)
                        	at java.util.concurrent.ThreadPoolExecutor$Worker.run(Unknown Source)
                        	at java.lang.Thread.run(Unknown Source)
                     </pre>
                  </div>
               </td>
            </tr>
            <tr id="ckt.App.TestCase.LoginCase_beforeClass_byStatus_passed_PASS1_row"
                class="testMethodStatusPASS testMethodStatusCONF">
               <td width="100%" class="firstMethodCell">
                  <a onclick="toggleDetailsVisibility('ckt.App.TestCase.LoginCase_beforeClass_byStatus_passed_PASS1_details')">beforeClass()</a>
               </td>
               <td nowrap="true">16:56:42</td>
               <td nowrap="true" align="right">16s
                  
               </td>
               <td nowrap="true">
                   
                  
               </td>
            </tr>
            <tr>
               <td colspan="4"
                   style="padding: 0; background-color: white; border-style: none; height: 0px;">
                  <div id="ckt.App.TestCase.LoginCase_beforeClass_byStatus_passed_PASS1_details"
                       class="testMethodDetails">
                     <div>
                        <b>Name:
                           
                        </b>beforeClass
                     </div>
                     <div>
                        <b>Signature:
                           
                        </b>beforeClass()[pri:0, instance:ckt.App.TestCase.LoginCase@7a92922]
                     </div>
                     <div>
                        <b>Start time:
                           
                        </b>16:56:42
                     </div>
                     <div>
                        <b>End time:
                           
                        </b>16:56:58
                     </div>
                     <div>
                        <b>Duration:
                           
                        </b>16s
                        
                     </div>
                  </div>
               </td>
            </tr>
            <tr></tr>
            <tr id="ckt.App.TestCase.LoginCase_afterClass_byStatus_passed_PASS2_row"
                class="testMethodStatusPASS testMethodStatusCONF">
               <td width="100%" class="firstMethodCell">
                  <a onclick="toggleDetailsVisibility('ckt.App.TestCase.LoginCase_afterClass_byStatus_passed_PASS2_details')">afterClass()</a>
               </td>
               <td nowrap="true">16:57:39</td>
               <td nowrap="true" align="right">2s
                  
               </td>
               <td nowrap="true">
                   
                  
               </td>
            </tr>
            <tr>
               <td colspan="4"
                   style="padding: 0; background-color: white; border-style: none; height: 0px;">
                  <div id="ckt.App.TestCase.LoginCase_afterClass_byStatus_passed_PASS2_details"
                       class="testMethodDetails">
                     <div>
                        <b>Name:
                           
                        </b>afterClass
                     </div>
                     <div>
                        <b>Signature:
                           
                        </b>afterClass()[pri:0, instance:ckt.App.TestCase.LoginCase@7a92922]
                     </div>
                     <div>
                        <b>Start time:
                           
                        </b>16:57:39
                     </div>
                     <div>
                        <b>End time:
                           
                        </b>16:57:41
                     </div>
                     <div>
                        <b>Duration:
                           
                        </b>2s
                        
                     </div>
                  </div>
               </td>
            </tr>
            <tr></tr>
         </table>
      </div>
      <div id="testMethodsByClass" style="display: none;">
         <table class="testMethodsTable" cellpadding="0" cellspacing="0">
            <tr>
               <td colspan="4">
                  <h3 style="display: inline;">ckt.App.TestCase.LoginCase</h3>
               </td>
            </tr>
            <tr class="methodsTableHeader">
               <td width="100%">Name</td>
               <td nowrap="true">Started</td>
               <td nowrap="true">Duration</td>
               <td>Exception</td>
            </tr>
            <tr id="ckt.App.TestCase.LoginCase_beforeClass_byClass_PASS1_row"
                class="testMethodStatusPASS testMethodStatusCONF">
               <td width="100%" class="firstMethodCell">
                  <a onclick="toggleDetailsVisibility('ckt.App.TestCase.LoginCase_beforeClass_byClass_PASS1_details')">beforeClass()</a>
               </td>
               <td nowrap="true">16:56:42</td>
               <td nowrap="true" align="right">16s
                  
               </td>
               <td nowrap="true">
                   
                  
               </td>
            </tr>
            <tr>
               <td colspan="4"
                   style="padding: 0; background-color: white; border-style: none; height: 0px;">
                  <div id="ckt.App.TestCase.LoginCase_beforeClass_byClass_PASS1_details"
                       class="testMethodDetails">
                     <div>
                        <b>Name:
                           
                        </b>beforeClass
                     </div>
                     <div>
                        <b>Signature:
                           
                        </b>beforeClass()[pri:0, instance:ckt.App.TestCase.LoginCase@7a92922]
                     </div>
                     <div>
                        <b>Start time:
                           
                        </b>16:56:42
                     </div>
                     <div>
                        <b>End time:
                           
                        </b>16:56:58
                     </div>
                     <div>
                        <b>Duration:
                           
                        </b>16s
                        
                     </div>
                  </div>
               </td>
            </tr>
            <tr></tr>
            <tr id="ckt.App.TestCase.LoginCase_WatchAndSignUp1_byClass_FAIL2_row"
                class="testMethodStatusFAIL">
               <td width="100%" class="firstMethodCell">
                  <a onclick="toggleDetailsVisibility('ckt.App.TestCase.LoginCase_WatchAndSignUp1_byClass_FAIL2_details')">WatchAndSignUp1()</a>
               </td>
               <td nowrap="true">16:56:58</td>
               <td nowrap="true" align="right">8s
                  
               </td>
               <td nowrap="true">
                  <a onclick="toggleDetailsVisibility('ckt.App.TestCase.LoginCase_WatchAndSignUp1_byClass_FAIL2_exception')">org.openqa.selenium.NoSuchElementException: 
                     An element could not be located on the page using the given search parameters. (WARNING: The server did not provide any stacktrace
                     information)
                     Command duration or timeout: 5.37 seconds
                     For documentation on this error, please visit: http://seleniumhq.org/exceptions/no_such_element.html
                     Build info: version: '2.46.0', revision: '87c69e2', time: '2015-06-04 16:16:47'
                     System info: host: 'N12275D1', ip: '10.120.1.236', os.name: 'Windows 7', os.arch: 'amd64', os.version: '6.1', java.version:
                     '1.8.0_45'
                     Driver info: io.appium.java_client.ios.IOSDriver
                     Capabilities [{app=/Users/elon/Desktop/software/2016-09-27/Sioeye-2.0.13.ipa, networkConnectionEnabled=false, noReset=true,
                     warnings={}, bundleid=com.sioeye.app , databaseEnabled=false, deviceName=iPhone 5, platform=MAC, desired={app=/Users/elon/Desktop/software/2016-09-27/Sioeye-2.0.13.ipa,
                     noReset=true, platformVersion=8.3 , bundleid=com.sioeye.app , sessionOverride=true, platformName=iOS, deviceName=iPhone 5},
                     platformVersion=8.3 , webStorageEnabled=false, locationContextEnabled=false, browserName=iOS, takesScreenshot=true, javascriptEnabled=true,
                     sessionOverride=true, platformName=iOS}]
                     Session ID: b7fa8c95-6ac5-4f14-86b5-9f05eb959d62
                     *** Element info: {Using=name, value=Login}
                     
                  </a>
                   
                  
               </td>
            </tr>
            <tr>
               <td colspan="4"
                   style="padding: 0; background-color: white; border-style: none; height: 0px;">
                  <div id="ckt.App.TestCase.LoginCase_WatchAndSignUp1_byClass_FAIL2_details"
                       class="testMethodDetails">
                     <div>
                        <b>Name:
                           
                        </b>WatchAndSignUp1
                     </div>
                     <div>
                        <b>Signature:
                           
                        </b>WatchAndSignUp1()[pri:0, instance:ckt.App.TestCase.LoginCase@7a92922]
                     </div>
                     <div>
                        <b>Start time:
                           
                        </b>16:56:58
                     </div>
                     <div>
                        <b>End time:
                           
                        </b>16:57:06
                     </div>
                     <div>
                        <b>Duration:
                           
                        </b>8s
                        
                     </div>
                  </div>
               </td>
            </tr>
            <tr>
               <td colspan="4"
                   style="padding: 0; background-color: white; border-style: none; height: 0px;">
                  <div id="ckt.App.TestCase.LoginCase_WatchAndSignUp1_byClass_FAIL2_exception"
                       class="testMethodDetails">
                     <pre style="padding: 5px; margin: 0;">org.openqa.selenium.NoSuchElementException: An element could not be located on the page using the given search parameters.
                        (WARNING: The server did not provide any stacktrace information)
                        Command duration or timeout: 5.37 seconds
                        For documentation on this error, please visit: http://seleniumhq.org/exceptions/no_such_element.html
                        Build info: version: '2.46.0', revision: '87c69e2', time: '2015-06-04 16:16:47'
                        System info: host: 'N12275D1', ip: '10.120.1.236', os.name: 'Windows 7', os.arch: 'amd64', os.version: '6.1', java.version:
                        '1.8.0_45'
                        Driver info: io.appium.java_client.ios.IOSDriver
                        Capabilities [{app=/Users/elon/Desktop/software/2016-09-27/Sioeye-2.0.13.ipa, networkConnectionEnabled=false, noReset=true,
                        warnings={}, bundleid=com.sioeye.app , databaseEnabled=false, deviceName=iPhone 5, platform=MAC, desired={app=/Users/elon/Desktop/software/2016-09-27/Sioeye-2.0.13.ipa,
                        noReset=true, platformVersion=8.3 , bundleid=com.sioeye.app , sessionOverride=true, platformName=iOS, deviceName=iPhone 5},
                        platformVersion=8.3 , webStorageEnabled=false, locationContextEnabled=false, browserName=iOS, takesScreenshot=true, javascriptEnabled=true,
                        sessionOverride=true, platformName=iOS}]
                        Session ID: b7fa8c95-6ac5-4f14-86b5-9f05eb959d62
                        *** Element info: {Using=name, value=Login}
                        	at sun.reflect.NativeConstructorAccessorImpl.newInstance0(Native Method)
                        	at sun.reflect.NativeConstructorAccessorImpl.newInstance(Unknown Source)
                        	at sun.reflect.DelegatingConstructorAccessorImpl.newInstance(Unknown Source)
                        	at java.lang.reflect.Constructor.newInstance(Unknown Source)
                        	at org.openqa.selenium.remote.ErrorHandler.createThrowable(ErrorHandler.java:204)
                        	at org.openqa.selenium.remote.ErrorHandler.throwIfResponseFailed(ErrorHandler.java:156)
                        	at org.openqa.selenium.remote.RemoteWebDriver.execute(RemoteWebDriver.java:605)
                        	at io.appium.java_client.DefaultGenericMobileDriver.execute(DefaultGenericMobileDriver.java:40)
                        	at io.appium.java_client.AppiumDriver.execute(AppiumDriver.java:1)
                        	at io.appium.java_client.ios.IOSDriver.execute(IOSDriver.java:1)
                        	at org.openqa.selenium.remote.RemoteWebDriver.findElement(RemoteWebDriver.java:358)
                        	at io.appium.java_client.DefaultGenericMobileDriver.findElement(DefaultGenericMobileDriver.java:56)
                        	at io.appium.java_client.AppiumDriver.findElement(AppiumDriver.java:1)
                        	at io.appium.java_client.ios.IOSDriver.findElement(IOSDriver.java:1)
                        	at org.openqa.selenium.remote.RemoteWebDriver.findElementByName(RemoteWebDriver.java:431)
                        	at io.appium.java_client.DefaultGenericMobileDriver.findElementByName(DefaultGenericMobileDriver.java:104)
                        	at io.appium.java_client.AppiumDriver.findElementByName(AppiumDriver.java:1)
                        	at io.appium.java_client.ios.IOSDriver.findElementByName(IOSDriver.java:1)
                        	at org.openqa.selenium.By$ByName.findElement(By.java:300)
                        	at org.openqa.selenium.remote.RemoteWebDriver.findElement(RemoteWebDriver.java:350)
                        	at io.appium.java_client.DefaultGenericMobileDriver.findElement(DefaultGenericMobileDriver.java:52)
                        	at io.appium.java_client.AppiumDriver.findElement(AppiumDriver.java:1)
                        	at io.appium.java_client.ios.IOSDriver.findElement(IOSDriver.java:1)
                        	at ckt.App.TestCase.LoginCase.WatchAndSignUp1(Unknown Source)
                        	at sun.reflect.NativeMethodAccessorImpl.invoke0(Native Method)
                        	at sun.reflect.NativeMethodAccessorImpl.invoke(Unknown Source)
                        	at sun.reflect.DelegatingMethodAccessorImpl.invoke(Unknown Source)
                        	at java.lang.reflect.Method.invoke(Unknown Source)
                        	at org.testng.internal.MethodInvocationHelper.invokeMethod(MethodInvocationHelper.java:84)
                        	at org.testng.internal.Invoker.invokeMethod(Invoker.java:714)
                        	at org.testng.internal.Invoker.invokeTestMethod(Invoker.java:901)
                        	at org.testng.internal.Invoker.invokeTestMethods(Invoker.java:1231)
                        	at org.testng.internal.TestMethodWorker.invokeTestMethods(TestMethodWorker.java:127)
                        	at org.testng.internal.TestMethodWorker.run(TestMethodWorker.java:111)
                        	at java.util.concurrent.ThreadPoolExecutor.runWorker(Unknown Source)
                        	at java.util.concurrent.ThreadPoolExecutor$Worker.run(Unknown Source)
                        	at java.lang.Thread.run(Unknown Source)
                     </pre>
                  </div>
               </td>
            </tr>
            <tr id="ckt.App.TestCase.LoginCase_WatchAndSignUp2_byClass_FAIL3_row"
                class="testMethodStatusFAIL">
               <td width="100%" class="firstMethodCell">
                  <a onclick="toggleDetailsVisibility('ckt.App.TestCase.LoginCase_WatchAndSignUp2_byClass_FAIL3_details')">WatchAndSignUp2()</a>
               </td>
               <td nowrap="true">16:57:10</td>
               <td nowrap="true" align="right">25s
                  
               </td>
               <td nowrap="true">
                  <a onclick="toggleDetailsVisibility('ckt.App.TestCase.LoginCase_WatchAndSignUp2_byClass_FAIL3_exception')">org.openqa.selenium.NoSuchElementException: 
                     An element could not be located on the page using the given search parameters. (WARNING: The server did not provide any stacktrace
                     information)
                     Command duration or timeout: 6.13 seconds
                     For documentation on this error, please visit: http://seleniumhq.org/exceptions/no_such_element.html
                     Build info: version: '2.46.0', revision: '87c69e2', time: '2015-06-04 16:16:47'
                     System info: host: 'N12275D1', ip: '10.120.1.236', os.name: 'Windows 7', os.arch: 'amd64', os.version: '6.1', java.version:
                     '1.8.0_45'
                     Driver info: io.appium.java_client.ios.IOSDriver
                     Capabilities [{app=/Users/elon/Desktop/software/2016-09-27/Sioeye-2.0.13.ipa, networkConnectionEnabled=false, noReset=true,
                     warnings={}, bundleid=com.sioeye.app , databaseEnabled=false, deviceName=iPhone 5, platform=MAC, desired={app=/Users/elon/Desktop/software/2016-09-27/Sioeye-2.0.13.ipa,
                     noReset=true, platformVersion=8.3 , bundleid=com.sioeye.app , sessionOverride=true, platformName=iOS, deviceName=iPhone 5},
                     platformVersion=8.3 , webStorageEnabled=false, locationContextEnabled=false, browserName=iOS, takesScreenshot=true, javascriptEnabled=true,
                     sessionOverride=true, platformName=iOS}]
                     Session ID: b7fa8c95-6ac5-4f14-86b5-9f05eb959d62
                     *** Element info: {Using=xpath, value=//UIAApplication[1]/UIAWindow[1]/UIATableView[1]/UIATableCell[2]}
                     
                  </a>
                   
                  
               </td>
            </tr>
            <tr>
               <td colspan="4"
                   style="padding: 0; background-color: white; border-style: none; height: 0px;">
                  <div id="ckt.App.TestCase.LoginCase_WatchAndSignUp2_byClass_FAIL3_details"
                       class="testMethodDetails">
                     <div>
                        <b>Name:
                           
                        </b>WatchAndSignUp2
                     </div>
                     <div>
                        <b>Signature:
                           
                        </b>WatchAndSignUp2()[pri:0, instance:ckt.App.TestCase.LoginCase@7a92922]
                     </div>
                     <div>
                        <b>Start time:
                           
                        </b>16:57:10
                     </div>
                     <div>
                        <b>End time:
                           
                        </b>16:57:35
                     </div>
                     <div>
                        <b>Duration:
                           
                        </b>25s
                        
                     </div>
                  </div>
               </td>
            </tr>
            <tr>
               <td colspan="4"
                   style="padding: 0; background-color: white; border-style: none; height: 0px;">
                  <div id="ckt.App.TestCase.LoginCase_WatchAndSignUp2_byClass_FAIL3_exception"
                       class="testMethodDetails">
                     <pre style="padding: 5px; margin: 0;">org.openqa.selenium.NoSuchElementException: An element could not be located on the page using the given search parameters.
                        (WARNING: The server did not provide any stacktrace information)
                        Command duration or timeout: 6.13 seconds
                        For documentation on this error, please visit: http://seleniumhq.org/exceptions/no_such_element.html
                        Build info: version: '2.46.0', revision: '87c69e2', time: '2015-06-04 16:16:47'
                        System info: host: 'N12275D1', ip: '10.120.1.236', os.name: 'Windows 7', os.arch: 'amd64', os.version: '6.1', java.version:
                        '1.8.0_45'
                        Driver info: io.appium.java_client.ios.IOSDriver
                        Capabilities [{app=/Users/elon/Desktop/software/2016-09-27/Sioeye-2.0.13.ipa, networkConnectionEnabled=false, noReset=true,
                        warnings={}, bundleid=com.sioeye.app , databaseEnabled=false, deviceName=iPhone 5, platform=MAC, desired={app=/Users/elon/Desktop/software/2016-09-27/Sioeye-2.0.13.ipa,
                        noReset=true, platformVersion=8.3 , bundleid=com.sioeye.app , sessionOverride=true, platformName=iOS, deviceName=iPhone 5},
                        platformVersion=8.3 , webStorageEnabled=false, locationContextEnabled=false, browserName=iOS, takesScreenshot=true, javascriptEnabled=true,
                        sessionOverride=true, platformName=iOS}]
                        Session ID: b7fa8c95-6ac5-4f14-86b5-9f05eb959d62
                        *** Element info: {Using=xpath, value=//UIAApplication[1]/UIAWindow[1]/UIATableView[1]/UIATableCell[2]}
                        	at sun.reflect.NativeConstructorAccessorImpl.newInstance0(Native Method)
                        	at sun.reflect.NativeConstructorAccessorImpl.newInstance(Unknown Source)
                        	at sun.reflect.DelegatingConstructorAccessorImpl.newInstance(Unknown Source)
                        	at java.lang.reflect.Constructor.newInstance(Unknown Source)
                        	at org.openqa.selenium.remote.ErrorHandler.createThrowable(ErrorHandler.java:204)
                        	at org.openqa.selenium.remote.ErrorHandler.throwIfResponseFailed(ErrorHandler.java:156)
                        	at org.openqa.selenium.remote.RemoteWebDriver.execute(RemoteWebDriver.java:605)
                        	at io.appium.java_client.DefaultGenericMobileDriver.execute(DefaultGenericMobileDriver.java:40)
                        	at io.appium.java_client.AppiumDriver.execute(AppiumDriver.java:1)
                        	at io.appium.java_client.ios.IOSDriver.execute(IOSDriver.java:1)
                        	at org.openqa.selenium.remote.RemoteWebDriver.findElement(RemoteWebDriver.java:358)
                        	at io.appium.java_client.DefaultGenericMobileDriver.findElement(DefaultGenericMobileDriver.java:56)
                        	at io.appium.java_client.AppiumDriver.findElement(AppiumDriver.java:1)
                        	at io.appium.java_client.ios.IOSDriver.findElement(IOSDriver.java:1)
                        	at org.openqa.selenium.remote.RemoteWebDriver.findElementByXPath(RemoteWebDriver.java:455)
                        	at io.appium.java_client.DefaultGenericMobileDriver.findElementByXPath(DefaultGenericMobileDriver.java:134)
                        	at io.appium.java_client.AppiumDriver.findElementByXPath(AppiumDriver.java:1)
                        	at io.appium.java_client.ios.IOSDriver.findElementByXPath(IOSDriver.java:1)
                        	at ckt.App.TestCase.LoginCase.WatchAndSignUp2(Unknown Source)
                        	at sun.reflect.NativeMethodAccessorImpl.invoke0(Native Method)
                        	at sun.reflect.NativeMethodAccessorImpl.invoke(Unknown Source)
                        	at sun.reflect.DelegatingMethodAccessorImpl.invoke(Unknown Source)
                        	at java.lang.reflect.Method.invoke(Unknown Source)
                        	at org.testng.internal.MethodInvocationHelper.invokeMethod(MethodInvocationHelper.java:84)
                        	at org.testng.internal.Invoker.invokeMethod(Invoker.java:714)
                        	at org.testng.internal.Invoker.invokeTestMethod(Invoker.java:901)
                        	at org.testng.internal.Invoker.invokeTestMethods(Invoker.java:1231)
                        	at org.testng.internal.TestMethodWorker.invokeTestMethods(TestMethodWorker.java:127)
                        	at org.testng.internal.TestMethodWorker.run(TestMethodWorker.java:111)
                        	at java.util.concurrent.ThreadPoolExecutor.runWorker(Unknown Source)
                        	at java.util.concurrent.ThreadPoolExecutor$Worker.run(Unknown Source)
                        	at java.lang.Thread.run(Unknown Source)
                     </pre>
                  </div>
               </td>
            </tr>
            <tr id="ckt.App.TestCase.LoginCase_afterClass_byClass_PASS4_row"
                class="testMethodStatusPASS testMethodStatusCONF">
               <td width="100%" class="firstMethodCell">
                  <a onclick="toggleDetailsVisibility('ckt.App.TestCase.LoginCase_afterClass_byClass_PASS4_details')">afterClass()</a>
               </td>
               <td nowrap="true">16:57:39</td>
               <td nowrap="true" align="right">2s
                  
               </td>
               <td nowrap="true">
                   
                  
               </td>
            </tr>
            <tr>
               <td colspan="4"
                   style="padding: 0; background-color: white; border-style: none; height: 0px;">
                  <div id="ckt.App.TestCase.LoginCase_afterClass_byClass_PASS4_details"
                       class="testMethodDetails">
                     <div>
                        <b>Name:
                           
                        </b>afterClass
                     </div>
                     <div>
                        <b>Signature:
                           
                        </b>afterClass()[pri:0, instance:ckt.App.TestCase.LoginCase@7a92922]
                     </div>
                     <div>
                        <b>Start time:
                           
                        </b>16:57:39
                     </div>
                     <div>
                        <b>End time:
                           
                        </b>16:57:41
                     </div>
                     <div>
                        <b>Duration:
                           
                        </b>2s
                        
                     </div>
                  </div>
               </td>
            </tr>
            <tr></tr>
         </table>
         <br></br>
      </div>
      <div style="margin-top: 15px; color: gray; text-align: center; font-size: 9px;">
         Generated with
         
         <a href="http://code.google.com/p/testng-xslt/" style="color: #8888aa;"
            target="_blank">
            TestNG XSLT
            
         </a>
      </div>
   </body>
</html>