<?xml version="1.0" encoding="UTF-8"?>
<testng-results skipped="0" failed="0" total="1" passed="1">
  <reporter-output>
    <line>
      <![CDATA[[2017-05-17 16:49:38] [AUAB.<clinit>] Load the propertyies data for Appium configurations<br>]]>
    </line>
    <line>
      <![CDATA[[2017-05-17 16:49:38] [AUAB.log] startAppium<br>]]>
    </line>
    <line>
      <![CDATA[[2017-05-17 16:49:38] [AUAB.log] start create session iteration-1<br>]]>
    </line>
    <line>
      <![CDATA[[2017-05-17 16:49:38] [AUAB.log] start create session<br>]]>
    </line>
    <line>
      <![CDATA[[2017-05-17 16:50:12] [AUAB.log] start create session iteration-1 success<br>]]>
    </line>
    <line>
      <![CDATA[[2017-05-17 16:50:12] [AUAB.startAppium] start ios driver<br>]]>
    </line>
    <line>
      <![CDATA[[2017-05-17 16:50:12] [AUAB.log] start resetApp -0<br>]]>
    </line>
    <line>
      <![CDATA[[2017-05-17 16:50:12] [AUAB.log] clickByTextContains - OK<br>]]>
    </line>
    <line>
      <![CDATA[[2017-05-17 16:50:12] [AUAB.log] Close not contains<br>]]>
    </line>
    <line>
      <![CDATA[[2017-05-17 16:50:12] [AUAB.log] Cancel not contains<br>]]>
    </line>
    <line>
      <![CDATA[[2017-05-17 16:50:16] [AUAB.log] exist class =TabBar<br>]]>
    </line>
    <line>
      <![CDATA[[2017-05-17 16:50:22] [AUAB.log] click TabBar-Button[0]<br>]]>
    </line>
    <line>
      <![CDATA[[2017-05-17 16:50:22] [AUAB.log] rest App finished<br>]]>
    </line>
    <line>
      <![CDATA[[2017-05-17 16:50:22] [AUAB.log] waitUntilFind 15<br>]]>
    </line>
    <line>
      <![CDATA[[2017-05-17 16:50:24] [AUAB.log] waitUntilFind = success<br>]]>
    </line>
    <line>
      <![CDATA[[2017-05-17 16:50:25] [AUVP.clickByXpath] click By.xpath://XCUIElementTypeApplication[1]/XCUIElementTypeWindow[1]/XCUIElementTypeOther[1]/XCUIElementTypeOther[1]/XCUIElementTypeOther[1]/XCUIElementTypeOther[1]/XCUIElementTypeTabBar[1]/XCUIElementTypeButton[3] <br>]]>
    </line>
    <line>
      <![CDATA[[2017-05-17 16:50:29] [AUAB.log] Log in not contains<br>]]>
    </line>
    <line>
      <![CDATA[[2017-05-17 16:50:29] [LA.inLoginStatus] App account is login <br>]]>
    </line>
    <line>
      <![CDATA[[2017-05-17 16:50:29] [AUVP.clickByXpath] click By.xpath://XCUIElementTypeApplication[1]/XCUIElementTypeWindow[1]/XCUIElementTypeOther[1]/XCUIElementTypeOther[1]/XCUIElementTypeOther[1]/XCUIElementTypeOther[1]/XCUIElementTypeTabBar[1]/XCUIElementTypeButton[1] <br>]]>
    </line>
    <line>
      <![CDATA[[2017-05-17 16:50:38] [AUAB.log] Who to follow contains<br>]]>
    </line>
    <line>
      <![CDATA[[2017-05-17 16:50:38] [AUVP.clickByXpath] click By.xpath://XCUIElementTypeApplication/XCUIElementTypeWindow[1]/XCUIElementTypeOther/XCUIElementTypeOther/XCUIElementTypeOther/XCUIElementTypeOther/XCUIElementTypeOther/XCUIElementTypeOther/XCUIElementTypeOther/XCUIElementTypeCollectionView/XCUIElementTypeOther[2]/XCUIElementTypeOther[2]/XCUIElementTypeOther/XCUIElementTypeButton <br>]]>
    </line>
    <line>
      <![CDATA[[2017-05-17 16:50:50] [DP.fresh] swipeToDown-1<br>]]>
    </line>
    <line>
      <![CDATA[[2017-05-17 16:50:53] [AUAB.log] waitUntilFind in  30 seconds<br>]]>
    </line>
    <line>
      <![CDATA[[2017-05-17 16:50:55] [AUAB.log] waitUntilFind = success<br>]]>
    </line>
    <line>
      <![CDATA[[2017-05-17 16:50:59] [DP.fresh] swipeToDown-2<br>]]>
    </line>
    <line>
      <![CDATA[[2017-05-17 16:51:02] [AUAB.log] waitUntilFind in  30 seconds<br>]]>
    </line>
    <line>
      <![CDATA[[2017-05-17 16:51:03] [AUAB.log] waitUntilFind = success<br>]]>
    </line>
    <line>
      <![CDATA[[2017-05-17 16:51:03] [AUAB.log] getElement with  name=Who to follow<br>]]>
    </line>
    <line>
      <![CDATA[[2017-05-17 16:51:04] [AUAB.log] getElementByXpath-//XCUIElementTypeApplication/XCUIElementTypeWindow[1]/XCUIElementTypeOther/XCUIElementTypeOther/XCUIElementTypeOther/XCUIElementTypeOther/XCUIElementTypeOther/XCUIElementTypeOther/XCUIElementTypeOther/XCUIElementTypeCollectionView/XCUIElementTypeOther[2]/XCUIElementTypeOther[2]/XCUIElementTypeOther/XCUIElementTypeCollectionView<br>]]>
    </line>
    <line>
      <![CDATA[[2017-05-17 16:51:07] [AUAB.log] find recommand list size = 4<br>]]>
    </line>
    <line>
      <![CDATA[[2017-05-17 16:51:09] [AUAB.log] zzzz<br>]]>
    </line>
    <line>
      <![CDATA[[2017-05-17 16:51:11] [AUAB.log] bryant<br>]]>
    </line>
    <line>
      <![CDATA[[2017-05-17 16:51:13] [AUAB.log] 高兴吧0000<br>]]>
    </line>
    <line>
      <![CDATA[[2017-05-17 16:51:15] [AUAB.log] Jafjfjdjudhehdux<br>]]>
    </line>
    <line>
      <![CDATA[[2017-05-17 16:51:15] [AUVP.clickByXpath] click By.xpath://XCUIElementTypeApplication/XCUIElementTypeWindow[1]/XCUIElementTypeOther/XCUIElementTypeNavigationBar/XCUIElementTypeButton <br>]]>
    </line>
    <line>
      <![CDATA[[2017-05-17 16:51:18] [AUAB.log] waitUntilFind in  5 seconds<br>]]>
    </line>
    <line>
      <![CDATA[[2017-05-17 16:51:20] [AUAB.log] waitUntilFind = success<br>]]>
    </line>
    <line>
      <![CDATA[[2017-05-17 16:51:20] [AUAB.log] getElements by  parent className =Table  child className=Cell<br>]]>
    </line>
    <line>
      <![CDATA[[2017-05-17 16:51:20] [AUVP.getElementByClassName] Search Element By className=Table <br>]]>
    </line>
    <line>
      <![CDATA[[2017-05-17 16:51:31] [AUAB.log] find 20 elements<br>]]>
    </line>
    <line>
      <![CDATA[[2017-05-17 16:51:36] [AUAB.log] cell name=zzzz<br>]]>
    </line>
    <line>
      <![CDATA[[2017-05-17 16:51:40] [AUAB.log] cell name=bryant<br>]]>
    </line>
    <line>
      <![CDATA[[2017-05-17 16:51:45] [AUAB.log] cell name=高兴吧0000<br>]]>
    </line>
    <line>
      <![CDATA[[2017-05-17 16:51:49] [AUAB.log] cell name=Jafjfjdjudhehdux<br>]]>
    </line>
    <line>
      <![CDATA[[2017-05-17 16:51:49] [AUAB.stopAppium] quit ios driver<br>]]>
    </line>
    <line>
      <![CDATA[[2017-05-17 16:51:49] [AUAB.log] stopAppium<br>]]>
    </line>
  </reporter-output>
  <suite name="Default suite" duration-ms="131109" started-at="2017-05-17T08:49:38Z" finished-at="2017-05-17T08:51:49Z">
    <groups>
    </groups>
    <test name="Default test" duration-ms="131109" started-at="2017-05-17T08:49:38Z" finished-at="2017-05-17T08:51:49Z">
      <class name="ckt.ios.testcase.discover.RecommendCase">
        <test-method status="PASS" signature="beforeClass()[pri:0, instance:ckt.ios.testcase.discover.RecommendCase@f777e8]" name="beforeClass" is-config="true" duration-ms="33430" started-at="2017-05-17T16:49:38Z" finished-at="2017-05-17T16:50:12Z">
          <reporter-output>
            <line>
              <![CDATA[[2017-05-17 16:49:38] [AUAB.log] startAppium<br>]]>
            </line>
            <line>
              <![CDATA[[2017-05-17 16:49:38] [AUAB.log] start create session iteration-1<br>]]>
            </line>
            <line>
              <![CDATA[[2017-05-17 16:49:38] [AUAB.log] start create session<br>]]>
            </line>
            <line>
              <![CDATA[[2017-05-17 16:50:12] [AUAB.log] start create session iteration-1 success<br>]]>
            </line>
            <line>
              <![CDATA[[2017-05-17 16:50:12] [AUAB.startAppium] start ios driver<br>]]>
            </line>
          </reporter-output>
        </test-method> <!-- beforeClass -->
        <test-method status="PASS" signature="BeforeTest()[pri:0, instance:ckt.ios.testcase.discover.RecommendCase@f777e8]" name="BeforeTest" is-config="true" duration-ms="17678" started-at="2017-05-17T16:50:12Z" finished-at="2017-05-17T16:50:29Z">
          <reporter-output>
            <line>
              <![CDATA[[2017-05-17 16:50:12] [AUAB.log] start resetApp -0<br>]]>
            </line>
            <line>
              <![CDATA[[2017-05-17 16:50:12] [AUAB.log] clickByTextContains - OK<br>]]>
            </line>
            <line>
              <![CDATA[[2017-05-17 16:50:12] [AUAB.log] Close not contains<br>]]>
            </line>
            <line>
              <![CDATA[[2017-05-17 16:50:12] [AUAB.log] Cancel not contains<br>]]>
            </line>
            <line>
              <![CDATA[[2017-05-17 16:50:16] [AUAB.log] exist class =TabBar<br>]]>
            </line>
            <line>
              <![CDATA[[2017-05-17 16:50:22] [AUAB.log] click TabBar-Button[0]<br>]]>
            </line>
            <line>
              <![CDATA[[2017-05-17 16:50:22] [AUAB.log] rest App finished<br>]]>
            </line>
            <line>
              <![CDATA[[2017-05-17 16:50:22] [AUAB.log] waitUntilFind 15<br>]]>
            </line>
            <line>
              <![CDATA[[2017-05-17 16:50:24] [AUAB.log] waitUntilFind = success<br>]]>
            </line>
            <line>
              <![CDATA[[2017-05-17 16:50:25] [AUVP.clickByXpath] click By.xpath://XCUIElementTypeApplication[1]/XCUIElementTypeWindow[1]/XCUIElementTypeOther[1]/XCUIElementTypeOther[1]/XCUIElementTypeOther[1]/XCUIElementTypeOther[1]/XCUIElementTypeTabBar[1]/XCUIElementTypeButton[3] <br>]]>
            </line>
            <line>
              <![CDATA[[2017-05-17 16:50:29] [AUAB.log] Log in not contains<br>]]>
            </line>
            <line>
              <![CDATA[[2017-05-17 16:50:29] [LA.inLoginStatus] App account is login <br>]]>
            </line>
          </reporter-output>
        </test-method> <!-- BeforeTest -->
        <test-method status="PASS" signature="testRefreshRecommendList()[pri:0, instance:ckt.ios.testcase.discover.RecommendCase@f777e8]" name="testRefreshRecommendList" duration-ms="79684" started-at="2017-05-17T16:50:29Z" finished-at="2017-05-17T16:51:49Z">
          <reporter-output>
            <line>
              <![CDATA[[2017-05-17 16:50:29] [AUVP.clickByXpath] click By.xpath://XCUIElementTypeApplication[1]/XCUIElementTypeWindow[1]/XCUIElementTypeOther[1]/XCUIElementTypeOther[1]/XCUIElementTypeOther[1]/XCUIElementTypeOther[1]/XCUIElementTypeTabBar[1]/XCUIElementTypeButton[1] <br>]]>
            </line>
            <line>
              <![CDATA[[2017-05-17 16:50:38] [AUAB.log] Who to follow contains<br>]]>
            </line>
            <line>
              <![CDATA[[2017-05-17 16:50:38] [AUVP.clickByXpath] click By.xpath://XCUIElementTypeApplication/XCUIElementTypeWindow[1]/XCUIElementTypeOther/XCUIElementTypeOther/XCUIElementTypeOther/XCUIElementTypeOther/XCUIElementTypeOther/XCUIElementTypeOther/XCUIElementTypeOther/XCUIElementTypeCollectionView/XCUIElementTypeOther[2]/XCUIElementTypeOther[2]/XCUIElementTypeOther/XCUIElementTypeButton <br>]]>
            </line>
            <line>
              <![CDATA[[2017-05-17 16:50:50] [DP.fresh] swipeToDown-1<br>]]>
            </line>
            <line>
              <![CDATA[[2017-05-17 16:50:53] [AUAB.log] waitUntilFind in  30 seconds<br>]]>
            </line>
            <line>
              <![CDATA[[2017-05-17 16:50:55] [AUAB.log] waitUntilFind = success<br>]]>
            </line>
            <line>
              <![CDATA[[2017-05-17 16:50:59] [DP.fresh] swipeToDown-2<br>]]>
            </line>
            <line>
              <![CDATA[[2017-05-17 16:51:02] [AUAB.log] waitUntilFind in  30 seconds<br>]]>
            </line>
            <line>
              <![CDATA[[2017-05-17 16:51:03] [AUAB.log] waitUntilFind = success<br>]]>
            </line>
            <line>
              <![CDATA[[2017-05-17 16:51:03] [AUAB.log] getElement with  name=Who to follow<br>]]>
            </line>
            <line>
              <![CDATA[[2017-05-17 16:51:04] [AUAB.log] getElementByXpath-//XCUIElementTypeApplication/XCUIElementTypeWindow[1]/XCUIElementTypeOther/XCUIElementTypeOther/XCUIElementTypeOther/XCUIElementTypeOther/XCUIElementTypeOther/XCUIElementTypeOther/XCUIElementTypeOther/XCUIElementTypeCollectionView/XCUIElementTypeOther[2]/XCUIElementTypeOther[2]/XCUIElementTypeOther/XCUIElementTypeCollectionView<br>]]>
            </line>
            <line>
              <![CDATA[[2017-05-17 16:51:07] [AUAB.log] find recommand list size = 4<br>]]>
            </line>
            <line>
              <![CDATA[[2017-05-17 16:51:09] [AUAB.log] zzzz<br>]]>
            </line>
            <line>
              <![CDATA[[2017-05-17 16:51:11] [AUAB.log] bryant<br>]]>
            </line>
            <line>
              <![CDATA[[2017-05-17 16:51:13] [AUAB.log] 高兴吧0000<br>]]>
            </line>
            <line>
              <![CDATA[[2017-05-17 16:51:15] [AUAB.log] Jafjfjdjudhehdux<br>]]>
            </line>
            <line>
              <![CDATA[[2017-05-17 16:51:15] [AUVP.clickByXpath] click By.xpath://XCUIElementTypeApplication/XCUIElementTypeWindow[1]/XCUIElementTypeOther/XCUIElementTypeNavigationBar/XCUIElementTypeButton <br>]]>
            </line>
            <line>
              <![CDATA[[2017-05-17 16:51:18] [AUAB.log] waitUntilFind in  5 seconds<br>]]>
            </line>
            <line>
              <![CDATA[[2017-05-17 16:51:20] [AUAB.log] waitUntilFind = success<br>]]>
            </line>
            <line>
              <![CDATA[[2017-05-17 16:51:20] [AUAB.log] getElements by  parent className =Table  child className=Cell<br>]]>
            </line>
            <line>
              <![CDATA[[2017-05-17 16:51:20] [AUVP.getElementByClassName] Search Element By className=Table <br>]]>
            </line>
            <line>
              <![CDATA[[2017-05-17 16:51:31] [AUAB.log] find 20 elements<br>]]>
            </line>
            <line>
              <![CDATA[[2017-05-17 16:51:36] [AUAB.log] cell name=zzzz<br>]]>
            </line>
            <line>
              <![CDATA[[2017-05-17 16:51:40] [AUAB.log] cell name=bryant<br>]]>
            </line>
            <line>
              <![CDATA[[2017-05-17 16:51:45] [AUAB.log] cell name=高兴吧0000<br>]]>
            </line>
            <line>
              <![CDATA[[2017-05-17 16:51:49] [AUAB.log] cell name=Jafjfjdjudhehdux<br>]]>
            </line>
          </reporter-output>
        </test-method> <!-- testRefreshRecommendList -->
        <test-method status="PASS" signature="afterClass()[pri:0, instance:ckt.ios.testcase.discover.RecommendCase@f777e8]" name="afterClass" is-config="true" duration-ms="309" started-at="2017-05-17T16:51:49Z" finished-at="2017-05-17T16:51:49Z">
          <reporter-output>
            <line>
              <![CDATA[[2017-05-17 16:51:49] [AUAB.stopAppium] quit ios driver<br>]]>
            </line>
            <line>
              <![CDATA[[2017-05-17 16:51:49] [AUAB.log] stopAppium<br>]]>
            </line>
          </reporter-output>
        </test-method> <!-- afterClass -->
      </class> <!-- ckt.ios.testcase.discover.RecommendCase -->
    </test> <!-- Default test -->
  </suite> <!-- Default suite -->
</testng-results>
